The system is: Linux - 6.8.0-87-generic - x86_64
Compiling the CXX compiler identification source file "CMakeCXXCompilerId.cpp" succeeded.
Compiler: /usr/bin/clang++-18 
Build flags: 
Id flags:  

The output was:
0


Compilation of the CXX compiler identification source "CMakeCXXCompilerId.cpp" produced "a.out"

The CXX compiler identification is Clang, found in "/home/vboxuser/sim-course/lab1/build/CMakeFiles/3.22.1/CompilerIdCXX/a.out"

Detecting CXX compiler ABI info compiled with the following output:
Change Dir: /home/vboxuser/sim-course/lab1/build/CMakeFiles/CMakeTmp

Run Build Command(s):/usr/bin/gmake -f Makefile cmTC_63130/fast && /usr/bin/gmake  -f CMakeFiles/cmTC_63130.dir/build.make CMakeFiles/cmTC_63130.dir/build
gmake[1]: Entering directory '/home/vboxuser/sim-course/lab1/build/CMakeFiles/CMakeTmp'
Building CXX object CMakeFiles/cmTC_63130.dir/CMakeCXXCompilerABI.cpp.o
/usr/bin/clang++-18   -v -MD -MT CMakeFiles/cmTC_63130.dir/CMakeCXXCompilerABI.cpp.o -MF CMakeFiles/cmTC_63130.dir/CMakeCXXCompilerABI.cpp.o.d -o CMakeFiles/cmTC_63130.dir/CMakeCXXCompilerABI.cpp.o -c /usr/share/cmake-3.22/Modules/CMakeCXXCompilerABI.cpp
Ubuntu clang version 18.1.8 (++20240731024944+3b5b5c1ec4a3-1~exp1~20240731145000.144)
Target: x86_64-pc-linux-gnu
Thread model: posix
InstalledDir: /usr/bin
Found candidate GCC installation: /usr/bin/../lib/gcc/x86_64-linux-gnu/11
Found candidate GCC installation: /usr/bin/../lib/gcc/x86_64-linux-gnu/13
Selected GCC installation: /usr/bin/../lib/gcc/x86_64-linux-gnu/13
Candidate multilib: .;@m64
Selected multilib: .;@m64
 (in-process)
 "/usr/lib/llvm-18/bin/clang" -cc1 -triple x86_64-pc-linux-gnu -emit-obj -mrelax-all -disable-free -clear-ast-before-backend -disable-llvm-verifier -discard-value-names -main-file-name CMakeCXXCompilerABI.cpp -mrelocation-model pic -pic-level 2 -pic-is-pie -mframe-pointer=all -fmath-errno -ffp-contract=on -fno-rounding-math -mconstructor-aliases -funwind-tables=2 -target-cpu x86-64 -tune-cpu generic -debugger-tuning=gdb -fdebug-compilation-dir=/home/vboxuser/sim-course/lab1/build/CMakeFiles/CMakeTmp -v -fcoverage-compilation-dir=/home/vboxuser/sim-course/lab1/build/CMakeFiles/CMakeTmp -resource-dir /usr/lib/llvm-18/lib/clang/18 -dependency-file CMakeFiles/cmTC_63130.dir/CMakeCXXCompilerABI.cpp.o.d -MT CMakeFiles/cmTC_63130.dir/CMakeCXXCompilerABI.cpp.o -sys-header-deps -internal-isystem /usr/bin/../lib/gcc/x86_64-linux-gnu/13/../../../../include/c++/13 -internal-isystem /usr/bin/../lib/gcc/x86_64-linux-gnu/13/../../../../include/x86_64-linux-gnu/c++/13 -internal-isystem /usr/bin/../lib/gcc/x86_64-linux-gnu/13/../../../../include/c++/13/backward -internal-isystem /usr/lib/llvm-18/lib/clang/18/include -internal-isystem /usr/local/include -internal-isystem /usr/bin/../lib/gcc/x86_64-linux-gnu/13/../../../../x86_64-linux-gnu/include -internal-externc-isystem /usr/include/x86_64-linux-gnu -internal-externc-isystem /include -internal-externc-isystem /usr/include -fdeprecated-macro -ferror-limit 19 -fgnuc-version=4.2.1 -fskip-odr-check-in-gmf -fcxx-exceptions -fexceptions -dwarf-debug-flags "/usr/lib/llvm-18/bin/clang --driver-mode=g++ -v -MD -MT CMakeFiles/cmTC_63130.dir/CMakeCXXCompilerABI.cpp.o -MF CMakeFiles/cmTC_63130.dir/CMakeCXXCompilerABI.cpp.o.d -o CMakeFiles/cmTC_63130.dir/CMakeCXXCompilerABI.cpp.o -c /usr/share/cmake-3.22/Modules/CMakeCXXCompilerABI.cpp" -faddrsig -D__GCC_HAVE_DWARF2_CFI_ASM=1 -o CMakeFiles/cmTC_63130.dir/CMakeCXXCompilerABI.cpp.o -x c++ /usr/share/cmake-3.22/Modules/CMakeCXXCompilerABI.cpp
clang -cc1 version 18.1.8 based upon LLVM 18.1.8 default target x86_64-pc-linux-gnu
ignoring nonexistent directory "/usr/bin/../lib/gcc/x86_64-linux-gnu/13/../../../../x86_64-linux-gnu/include"
ignoring nonexistent directory "/include"
#include "..." search starts here:
#include <...> search starts here:
 /usr/bin/../lib/gcc/x86_64-linux-gnu/13/../../../../include/c++/13
 /usr/bin/../lib/gcc/x86_64-linux-gnu/13/../../../../include/x86_64-linux-gnu/c++/13
 /usr/bin/../lib/gcc/x86_64-linux-gnu/13/../../../../include/c++/13/backward
 /usr/lib/llvm-18/lib/clang/18/include
 /usr/local/include
 /usr/include/x86_64-linux-gnu
 /usr/include
End of search list.
Linking CXX executable cmTC_63130
/usr/bin/cmake -E cmake_link_script CMakeFiles/cmTC_63130.dir/link.txt --verbose=1
/usr/bin/clang++-18  -v CMakeFiles/cmTC_63130.dir/CMakeCXXCompilerABI.cpp.o -o cmTC_63130 
Ubuntu clang version 18.1.8 (++20240731024944+3b5b5c1ec4a3-1~exp1~20240731145000.144)
Target: x86_64-pc-linux-gnu
Thread model: posix
InstalledDir: /usr/bin
Found candidate GCC installation: /usr/bin/../lib/gcc/x86_64-linux-gnu/11
Found candidate GCC installation: /usr/bin/../lib/gcc/x86_64-linux-gnu/13
Selected GCC installation: /usr/bin/../lib/gcc/x86_64-linux-gnu/13
Candidate multilib: .;@m64
Selected multilib: .;@m64
 "/usr/bin/ld" -z relro --hash-style=gnu --build-id --eh-frame-hdr -m elf_x86_64 -pie -dynamic-linker /lib64/ld-linux-x86-64.so.2 -o cmTC_63130 /lib/x86_64-linux-gnu/Scrt1.o /lib/x86_64-linux-gnu/crti.o /usr/bin/../lib/gcc/x86_64-linux-gnu/13/crtbeginS.o -L/usr/bin/../lib/gcc/x86_64-linux-gnu/13 -L/usr/bin/../lib/gcc/x86_64-linux-gnu/13/../../../../lib64 -L/lib/x86_64-linux-gnu -L/lib/../lib64 -L/usr/lib/x86_64-linux-gnu -L/usr/lib/../lib64 -L/lib -L/usr/lib CMakeFiles/cmTC_63130.dir/CMakeCXXCompilerABI.cpp.o -lstdc++ -lm -lgcc_s -lgcc -lc -lgcc_s -lgcc /usr/bin/../lib/gcc/x86_64-linux-gnu/13/crtendS.o /lib/x86_64-linux-gnu/crtn.o
gmake[1]: Leaving directory '/home/vboxuser/sim-course/lab1/build/CMakeFiles/CMakeTmp'



Parsed CXX implicit include dir info from above output: rv=done
  found start of include info
  found start of implicit include info
    add: [/usr/bin/../lib/gcc/x86_64-linux-gnu/13/../../../../include/c++/13]
    add: [/usr/bin/../lib/gcc/x86_64-linux-gnu/13/../../../../include/x86_64-linux-gnu/c++/13]
    add: [/usr/bin/../lib/gcc/x86_64-linux-gnu/13/../../../../include/c++/13/backward]
    add: [/usr/lib/llvm-18/lib/clang/18/include]
    add: [/usr/local/include]
    add: [/usr/include/x86_64-linux-gnu]
    add: [/usr/include]
  end of search list found
  collapse include dir [/usr/bin/../lib/gcc/x86_64-linux-gnu/13/../../../../include/c++/13] ==> [/usr/include/c++/13]
  collapse include dir [/usr/bin/../lib/gcc/x86_64-linux-gnu/13/../../../../include/x86_64-linux-gnu/c++/13] ==> [/usr/include/x86_64-linux-gnu/c++/13]
  collapse include dir [/usr/bin/../lib/gcc/x86_64-linux-gnu/13/../../../../include/c++/13/backward] ==> [/usr/include/c++/13/backward]
  collapse include dir [/usr/lib/llvm-18/lib/clang/18/include] ==> [/usr/lib/llvm-18/lib/clang/18/include]
  collapse include dir [/usr/local/include] ==> [/usr/local/include]
  collapse include dir [/usr/include/x86_64-linux-gnu] ==> [/usr/include/x86_64-linux-gnu]
  collapse include dir [/usr/include] ==> [/usr/include]
  implicit include dirs: [/usr/include/c++/13;/usr/include/x86_64-linux-gnu/c++/13;/usr/include/c++/13/backward;/usr/lib/llvm-18/lib/clang/18/include;/usr/local/include;/usr/include/x86_64-linux-gnu;/usr/include]


Parsed CXX implicit link information from above output:
  link line regex: [^( *|.*[/\])(ld\.lld-18|CMAKE_LINK_STARTFILE-NOTFOUND|([^/\]+-)?ld|collect2)[^/\]*( |$)]
  ignore line: [Change Dir: /home/vboxuser/sim-course/lab1/build/CMakeFiles/CMakeTmp]
  ignore line: []
  ignore line: [Run Build Command(s):/usr/bin/gmake -f Makefile cmTC_63130/fast && /usr/bin/gmake  -f CMakeFiles/cmTC_63130.dir/build.make CMakeFiles/cmTC_63130.dir/build]
  ignore line: [gmake[1]: Entering directory '/home/vboxuser/sim-course/lab1/build/CMakeFiles/CMakeTmp']
  ignore line: [Building CXX object CMakeFiles/cmTC_63130.dir/CMakeCXXCompilerABI.cpp.o]
  ignore line: [/usr/bin/clang++-18   -v -MD -MT CMakeFiles/cmTC_63130.dir/CMakeCXXCompilerABI.cpp.o -MF CMakeFiles/cmTC_63130.dir/CMakeCXXCompilerABI.cpp.o.d -o CMakeFiles/cmTC_63130.dir/CMakeCXXCompilerABI.cpp.o -c /usr/share/cmake-3.22/Modules/CMakeCXXCompilerABI.cpp]
  ignore line: [Ubuntu clang version 18.1.8 (++20240731024944+3b5b5c1ec4a3-1~exp1~20240731145000.144)]
  ignore line: [Target: x86_64-pc-linux-gnu]
  ignore line: [Thread model: posix]
  ignore line: [InstalledDir: /usr/bin]
  ignore line: [Found candidate GCC installation: /usr/bin/../lib/gcc/x86_64-linux-gnu/11]
  ignore line: [Found candidate GCC installation: /usr/bin/../lib/gcc/x86_64-linux-gnu/13]
  ignore line: [Selected GCC installation: /usr/bin/../lib/gcc/x86_64-linux-gnu/13]
  ignore line: [Candidate multilib: .]
  ignore line: [@m64]
  ignore line: [Selected multilib: .]
  ignore line: [@m64]
  ignore line: [ (in-process)]
  ignore line: [ "/usr/lib/llvm-18/bin/clang" -cc1 -triple x86_64-pc-linux-gnu -emit-obj -mrelax-all -disable-free -clear-ast-before-backend -disable-llvm-verifier -discard-value-names -main-file-name CMakeCXXCompilerABI.cpp -mrelocation-model pic -pic-level 2 -pic-is-pie -mframe-pointer=all -fmath-errno -ffp-contract=on -fno-rounding-math -mconstructor-aliases -funwind-tables=2 -target-cpu x86-64 -tune-cpu generic -debugger-tuning=gdb -fdebug-compilation-dir=/home/vboxuser/sim-course/lab1/build/CMakeFiles/CMakeTmp -v -fcoverage-compilation-dir=/home/vboxuser/sim-course/lab1/build/CMakeFiles/CMakeTmp -resource-dir /usr/lib/llvm-18/lib/clang/18 -dependency-file CMakeFiles/cmTC_63130.dir/CMakeCXXCompilerABI.cpp.o.d -MT CMakeFiles/cmTC_63130.dir/CMakeCXXCompilerABI.cpp.o -sys-header-deps -internal-isystem /usr/bin/../lib/gcc/x86_64-linux-gnu/13/../../../../include/c++/13 -internal-isystem /usr/bin/../lib/gcc/x86_64-linux-gnu/13/../../../../include/x86_64-linux-gnu/c++/13 -internal-isystem /usr/bin/../lib/gcc/x86_64-linux-gnu/13/../../../../include/c++/13/backward -internal-isystem /usr/lib/llvm-18/lib/clang/18/include -internal-isystem /usr/local/include -internal-isystem /usr/bin/../lib/gcc/x86_64-linux-gnu/13/../../../../x86_64-linux-gnu/include -internal-externc-isystem /usr/include/x86_64-linux-gnu -internal-externc-isystem /include -internal-externc-isystem /usr/include -fdeprecated-macro -ferror-limit 19 -fgnuc-version=4.2.1 -fskip-odr-check-in-gmf -fcxx-exceptions -fexceptions -dwarf-debug-flags "/usr/lib/llvm-18/bin/clang --driver-mode=g++ -v -MD -MT CMakeFiles/cmTC_63130.dir/CMakeCXXCompilerABI.cpp.o -MF CMakeFiles/cmTC_63130.dir/CMakeCXXCompilerABI.cpp.o.d -o CMakeFiles/cmTC_63130.dir/CMakeCXXCompilerABI.cpp.o -c /usr/share/cmake-3.22/Modules/CMakeCXXCompilerABI.cpp" -faddrsig -D__GCC_HAVE_DWARF2_CFI_ASM=1 -o CMakeFiles/cmTC_63130.dir/CMakeCXXCompilerABI.cpp.o -x c++ /usr/share/cmake-3.22/Modules/CMakeCXXCompilerABI.cpp]
  ignore line: [clang -cc1 version 18.1.8 based upon LLVM 18.1.8 default target x86_64-pc-linux-gnu]
  ignore line: [ignoring nonexistent directory "/usr/bin/../lib/gcc/x86_64-linux-gnu/13/../../../../x86_64-linux-gnu/include"]
  ignore line: [ignoring nonexistent directory "/include"]
  ignore line: [#include "..." search starts here:]
  ignore line: [#include <...> search starts here:]
  ignore line: [ /usr/bin/../lib/gcc/x86_64-linux-gnu/13/../../../../include/c++/13]
  ignore line: [ /usr/bin/../lib/gcc/x86_64-linux-gnu/13/../../../../include/x86_64-linux-gnu/c++/13]
  ignore line: [ /usr/bin/../lib/gcc/x86_64-linux-gnu/13/../../../../include/c++/13/backward]
  ignore line: [ /usr/lib/llvm-18/lib/clang/18/include]
  ignore line: [ /usr/local/include]
  ignore line: [ /usr/include/x86_64-linux-gnu]
  ignore line: [ /usr/include]
  ignore line: [End of search list.]
  ignore line: [Linking CXX executable cmTC_63130]
  ignore line: [/usr/bin/cmake -E cmake_link_script CMakeFiles/cmTC_63130.dir/link.txt --verbose=1]
  ignore line: [/usr/bin/clang++-18  -v CMakeFiles/cmTC_63130.dir/CMakeCXXCompilerABI.cpp.o -o cmTC_63130 ]
  ignore line: [Ubuntu clang version 18.1.8 (++20240731024944+3b5b5c1ec4a3-1~exp1~20240731145000.144)]
  ignore line: [Target: x86_64-pc-linux-gnu]
  ignore line: [Thread model: posix]
  ignore line: [InstalledDir: /usr/bin]
  ignore line: [Found candidate GCC installation: /usr/bin/../lib/gcc/x86_64-linux-gnu/11]
  ignore line: [Found candidate GCC installation: /usr/bin/../lib/gcc/x86_64-linux-gnu/13]
  ignore line: [Selected GCC installation: /usr/bin/../lib/gcc/x86_64-linux-gnu/13]
  ignore line: [Candidate multilib: .]
  ignore line: [@m64]
  ignore line: [Selected multilib: .]
  ignore line: [@m64]
  link line: [ "/usr/bin/ld" -z relro --hash-style=gnu --build-id --eh-frame-hdr -m elf_x86_64 -pie -dynamic-linker /lib64/ld-linux-x86-64.so.2 -o cmTC_63130 /lib/x86_64-linux-gnu/Scrt1.o /lib/x86_64-linux-gnu/crti.o /usr/bin/../lib/gcc/x86_64-linux-gnu/13/crtbeginS.o -L/usr/bin/../lib/gcc/x86_64-linux-gnu/13 -L/usr/bin/../lib/gcc/x86_64-linux-gnu/13/../../../../lib64 -L/lib/x86_64-linux-gnu -L/lib/../lib64 -L/usr/lib/x86_64-linux-gnu -L/usr/lib/../lib64 -L/lib -L/usr/lib CMakeFiles/cmTC_63130.dir/CMakeCXXCompilerABI.cpp.o -lstdc++ -lm -lgcc_s -lgcc -lc -lgcc_s -lgcc /usr/bin/../lib/gcc/x86_64-linux-gnu/13/crtendS.o /lib/x86_64-linux-gnu/crtn.o]
    arg [/usr/bin/ld] ==> ignore
    arg [-zrelro] ==> ignore
    arg [--hash-style=gnu] ==> ignore
    arg [--build-id] ==> ignore
    arg [--eh-frame-hdr] ==> ignore
    arg [-m] ==> ignore
    arg [elf_x86_64] ==> ignore
    arg [-pie] ==> ignore
    arg [-dynamic-linker] ==> ignore
    arg [/lib64/ld-linux-x86-64.so.2] ==> ignore
    arg [-o] ==> ignore
    arg [cmTC_63130] ==> ignore
    arg [/lib/x86_64-linux-gnu/Scrt1.o] ==> obj [/lib/x86_64-linux-gnu/Scrt1.o]
    arg [/lib/x86_64-linux-gnu/crti.o] ==> obj [/lib/x86_64-linux-gnu/crti.o]
    arg [/usr/bin/../lib/gcc/x86_64-linux-gnu/13/crtbeginS.o] ==> obj [/usr/bin/../lib/gcc/x86_64-linux-gnu/13/crtbeginS.o]
    arg [-L/usr/bin/../lib/gcc/x86_64-linux-gnu/13] ==> dir [/usr/bin/../lib/gcc/x86_64-linux-gnu/13]
    arg [-L/usr/bin/../lib/gcc/x86_64-linux-gnu/13/../../../../lib64] ==> dir [/usr/bin/../lib/gcc/x86_64-linux-gnu/13/../../../../lib64]
    arg [-L/lib/x86_64-linux-gnu] ==> dir [/lib/x86_64-linux-gnu]
    arg [-L/lib/../lib64] ==> dir [/lib/../lib64]
    arg [-L/usr/lib/x86_64-linux-gnu] ==> dir [/usr/lib/x86_64-linux-gnu]
    arg [-L/usr/lib/../lib64] ==> dir [/usr/lib/../lib64]
    arg [-L/lib] ==> dir [/lib]
    arg [-L/usr/lib] ==> dir [/usr/lib]
    arg [CMakeFiles/cmTC_63130.dir/CMakeCXXCompilerABI.cpp.o] ==> ignore
    arg [-lstdc++] ==> lib [stdc++]
    arg [-lm] ==> lib [m]
    arg [-lgcc_s] ==> lib [gcc_s]
    arg [-lgcc] ==> lib [gcc]
    arg [-lc] ==> lib [c]
    arg [-lgcc_s] ==> lib [gcc_s]
    arg [-lgcc] ==> lib [gcc]
    arg [/usr/bin/../lib/gcc/x86_64-linux-gnu/13/crtendS.o] ==> obj [/usr/bin/../lib/gcc/x86_64-linux-gnu/13/crtendS.o]
    arg [/lib/x86_64-linux-gnu/crtn.o] ==> obj [/lib/x86_64-linux-gnu/crtn.o]
  collapse obj [/usr/bin/../lib/gcc/x86_64-linux-gnu/13/crtbeginS.o] ==> [/usr/lib/gcc/x86_64-linux-gnu/13/crtbeginS.o]
  collapse obj [/usr/bin/../lib/gcc/x86_64-linux-gnu/13/crtendS.o] ==> [/usr/lib/gcc/x86_64-linux-gnu/13/crtendS.o]
  collapse library dir [/usr/bin/../lib/gcc/x86_64-linux-gnu/13] ==> [/usr/lib/gcc/x86_64-linux-gnu/13]
  collapse library dir [/usr/bin/../lib/gcc/x86_64-linux-gnu/13/../../../../lib64] ==> [/usr/lib64]
  collapse library dir [/lib/x86_64-linux-gnu] ==> [/lib/x86_64-linux-gnu]
  collapse library dir [/lib/../lib64] ==> [/lib64]
  collapse library dir [/usr/lib/x86_64-linux-gnu] ==> [/usr/lib/x86_64-linux-gnu]
  collapse library dir [/usr/lib/../lib64] ==> [/usr/lib64]
  collapse library dir [/lib] ==> [/lib]
  collapse library dir [/usr/lib] ==> [/usr/lib]
  implicit libs: [stdc++;m;gcc_s;gcc;c;gcc_s;gcc]
  implicit objs: [/lib/x86_64-linux-gnu/Scrt1.o;/lib/x86_64-linux-gnu/crti.o;/usr/lib/gcc/x86_64-linux-gnu/13/crtbeginS.o;/usr/lib/gcc/x86_64-linux-gnu/13/crtendS.o;/lib/x86_64-linux-gnu/crtn.o]
  implicit dirs: [/usr/lib/gcc/x86_64-linux-gnu/13;/usr/lib64;/lib/x86_64-linux-gnu;/lib64;/usr/lib/x86_64-linux-gnu;/lib;/usr/lib]
  implicit fwks: []


Determining if the include file unistd.h exists passed with the following output:
Change Dir: /home/vboxuser/sim-course/lab1/build/CMakeFiles/CMakeTmp

Run Build Command(s):/usr/bin/gmake -f Makefile cmTC_c58c0/fast && /usr/bin/gmake  -f CMakeFiles/cmTC_c58c0.dir/build.make CMakeFiles/cmTC_c58c0.dir/build
gmake[1]: Entering directory '/home/vboxuser/sim-course/lab1/build/CMakeFiles/CMakeTmp'
Building CXX object CMakeFiles/cmTC_c58c0.dir/CheckIncludeFile.cxx.o
/usr/bin/clang++-18    -MD -MT CMakeFiles/cmTC_c58c0.dir/CheckIncludeFile.cxx.o -MF CMakeFiles/cmTC_c58c0.dir/CheckIncludeFile.cxx.o.d -o CMakeFiles/cmTC_c58c0.dir/CheckIncludeFile.cxx.o -c /home/vboxuser/sim-course/lab1/build/CMakeFiles/CMakeTmp/CheckIncludeFile.cxx
Linking CXX executable cmTC_c58c0
/usr/bin/cmake -E cmake_link_script CMakeFiles/cmTC_c58c0.dir/link.txt --verbose=1
/usr/bin/clang++-18 CMakeFiles/cmTC_c58c0.dir/CheckIncludeFile.cxx.o -o cmTC_c58c0 
gmake[1]: Leaving directory '/home/vboxuser/sim-course/lab1/build/CMakeFiles/CMakeTmp'



Determining if the include file stdint.h exists passed with the following output:
Change Dir: /home/vboxuser/sim-course/lab1/build/CMakeFiles/CMakeTmp

Run Build Command(s):/usr/bin/gmake -f Makefile cmTC_f4d60/fast && /usr/bin/gmake  -f CMakeFiles/cmTC_f4d60.dir/build.make CMakeFiles/cmTC_f4d60.dir/build
gmake[1]: Entering directory '/home/vboxuser/sim-course/lab1/build/CMakeFiles/CMakeTmp'
Building CXX object CMakeFiles/cmTC_f4d60.dir/CheckIncludeFile.cxx.o
/usr/bin/clang++-18    -MD -MT CMakeFiles/cmTC_f4d60.dir/CheckIncludeFile.cxx.o -MF CMakeFiles/cmTC_f4d60.dir/CheckIncludeFile.cxx.o.d -o CMakeFiles/cmTC_f4d60.dir/CheckIncludeFile.cxx.o -c /home/vboxuser/sim-course/lab1/build/CMakeFiles/CMakeTmp/CheckIncludeFile.cxx
Linking CXX executable cmTC_f4d60
/usr/bin/cmake -E cmake_link_script CMakeFiles/cmTC_f4d60.dir/link.txt --verbose=1
/usr/bin/clang++-18 CMakeFiles/cmTC_f4d60.dir/CheckIncludeFile.cxx.o -o cmTC_f4d60 
gmake[1]: Leaving directory '/home/vboxuser/sim-course/lab1/build/CMakeFiles/CMakeTmp'



Determining if the include file inttypes.h exists passed with the following output:
Change Dir: /home/vboxuser/sim-course/lab1/build/CMakeFiles/CMakeTmp

Run Build Command(s):/usr/bin/gmake -f Makefile cmTC_5f86b/fast && /usr/bin/gmake  -f CMakeFiles/cmTC_5f86b.dir/build.make CMakeFiles/cmTC_5f86b.dir/build
gmake[1]: Entering directory '/home/vboxuser/sim-course/lab1/build/CMakeFiles/CMakeTmp'
Building CXX object CMakeFiles/cmTC_5f86b.dir/CheckIncludeFile.cxx.o
/usr/bin/clang++-18    -MD -MT CMakeFiles/cmTC_5f86b.dir/CheckIncludeFile.cxx.o -MF CMakeFiles/cmTC_5f86b.dir/CheckIncludeFile.cxx.o.d -o CMakeFiles/cmTC_5f86b.dir/CheckIncludeFile.cxx.o -c /home/vboxuser/sim-course/lab1/build/CMakeFiles/CMakeTmp/CheckIncludeFile.cxx
Linking CXX executable cmTC_5f86b
/usr/bin/cmake -E cmake_link_script CMakeFiles/cmTC_5f86b.dir/link.txt --verbose=1
/usr/bin/clang++-18 CMakeFiles/cmTC_5f86b.dir/CheckIncludeFile.cxx.o -o cmTC_5f86b 
gmake[1]: Leaving directory '/home/vboxuser/sim-course/lab1/build/CMakeFiles/CMakeTmp'



Determining if the include file sys/types.h exists passed with the following output:
Change Dir: /home/vboxuser/sim-course/lab1/build/CMakeFiles/CMakeTmp

Run Build Command(s):/usr/bin/gmake -f Makefile cmTC_b00a6/fast && /usr/bin/gmake  -f CMakeFiles/cmTC_b00a6.dir/build.make CMakeFiles/cmTC_b00a6.dir/build
gmake[1]: Entering directory '/home/vboxuser/sim-course/lab1/build/CMakeFiles/CMakeTmp'
Building CXX object CMakeFiles/cmTC_b00a6.dir/CheckIncludeFile.cxx.o
/usr/bin/clang++-18    -MD -MT CMakeFiles/cmTC_b00a6.dir/CheckIncludeFile.cxx.o -MF CMakeFiles/cmTC_b00a6.dir/CheckIncludeFile.cxx.o.d -o CMakeFiles/cmTC_b00a6.dir/CheckIncludeFile.cxx.o -c /home/vboxuser/sim-course/lab1/build/CMakeFiles/CMakeTmp/CheckIncludeFile.cxx
Linking CXX executable cmTC_b00a6
/usr/bin/cmake -E cmake_link_script CMakeFiles/cmTC_b00a6.dir/link.txt --verbose=1
/usr/bin/clang++-18 CMakeFiles/cmTC_b00a6.dir/CheckIncludeFile.cxx.o -o cmTC_b00a6 
gmake[1]: Leaving directory '/home/vboxuser/sim-course/lab1/build/CMakeFiles/CMakeTmp'



Determining if the include file sys/stat.h exists passed with the following output:
Change Dir: /home/vboxuser/sim-course/lab1/build/CMakeFiles/CMakeTmp

Run Build Command(s):/usr/bin/gmake -f Makefile cmTC_1ec24/fast && /usr/bin/gmake  -f CMakeFiles/cmTC_1ec24.dir/build.make CMakeFiles/cmTC_1ec24.dir/build
gmake[1]: Entering directory '/home/vboxuser/sim-course/lab1/build/CMakeFiles/CMakeTmp'
Building CXX object CMakeFiles/cmTC_1ec24.dir/CheckIncludeFile.cxx.o
/usr/bin/clang++-18    -MD -MT CMakeFiles/cmTC_1ec24.dir/CheckIncludeFile.cxx.o -MF CMakeFiles/cmTC_1ec24.dir/CheckIncludeFile.cxx.o.d -o CMakeFiles/cmTC_1ec24.dir/CheckIncludeFile.cxx.o -c /home/vboxuser/sim-course/lab1/build/CMakeFiles/CMakeTmp/CheckIncludeFile.cxx
Linking CXX executable cmTC_1ec24
/usr/bin/cmake -E cmake_link_script CMakeFiles/cmTC_1ec24.dir/link.txt --verbose=1
/usr/bin/clang++-18 CMakeFiles/cmTC_1ec24.dir/CheckIncludeFile.cxx.o -o cmTC_1ec24 
gmake[1]: Leaving directory '/home/vboxuser/sim-course/lab1/build/CMakeFiles/CMakeTmp'



Determining if the include file fnmatch.h exists passed with the following output:
Change Dir: /home/vboxuser/sim-course/lab1/build/CMakeFiles/CMakeTmp

Run Build Command(s):/usr/bin/gmake -f Makefile cmTC_a31c8/fast && /usr/bin/gmake  -f CMakeFiles/cmTC_a31c8.dir/build.make CMakeFiles/cmTC_a31c8.dir/build
gmake[1]: Entering directory '/home/vboxuser/sim-course/lab1/build/CMakeFiles/CMakeTmp'
Building CXX object CMakeFiles/cmTC_a31c8.dir/CheckIncludeFile.cxx.o
/usr/bin/clang++-18    -MD -MT CMakeFiles/cmTC_a31c8.dir/CheckIncludeFile.cxx.o -MF CMakeFiles/cmTC_a31c8.dir/CheckIncludeFile.cxx.o.d -o CMakeFiles/cmTC_a31c8.dir/CheckIncludeFile.cxx.o -c /home/vboxuser/sim-course/lab1/build/CMakeFiles/CMakeTmp/CheckIncludeFile.cxx
Linking CXX executable cmTC_a31c8
/usr/bin/cmake -E cmake_link_script CMakeFiles/cmTC_a31c8.dir/link.txt --verbose=1
/usr/bin/clang++-18 CMakeFiles/cmTC_a31c8.dir/CheckIncludeFile.cxx.o -o cmTC_a31c8 
gmake[1]: Leaving directory '/home/vboxuser/sim-course/lab1/build/CMakeFiles/CMakeTmp'



Determining if the include file stddef.h exists passed with the following output:
Change Dir: /home/vboxuser/sim-course/lab1/build/CMakeFiles/CMakeTmp

Run Build Command(s):/usr/bin/gmake -f Makefile cmTC_9986e/fast && /usr/bin/gmake  -f CMakeFiles/cmTC_9986e.dir/build.make CMakeFiles/cmTC_9986e.dir/build
gmake[1]: Entering directory '/home/vboxuser/sim-course/lab1/build/CMakeFiles/CMakeTmp'
Building CXX object CMakeFiles/cmTC_9986e.dir/CheckIncludeFile.cxx.o
/usr/bin/clang++-18    -MD -MT CMakeFiles/cmTC_9986e.dir/CheckIncludeFile.cxx.o -MF CMakeFiles/cmTC_9986e.dir/CheckIncludeFile.cxx.o.d -o CMakeFiles/cmTC_9986e.dir/CheckIncludeFile.cxx.o -c /home/vboxuser/sim-course/lab1/build/CMakeFiles/CMakeTmp/CheckIncludeFile.cxx
Linking CXX executable cmTC_9986e
/usr/bin/cmake -E cmake_link_script CMakeFiles/cmTC_9986e.dir/link.txt --verbose=1
/usr/bin/clang++-18 CMakeFiles/cmTC_9986e.dir/CheckIncludeFile.cxx.o -o cmTC_9986e 
gmake[1]: Leaving directory '/home/vboxuser/sim-course/lab1/build/CMakeFiles/CMakeTmp'



Determining size of uint32_t passed with the following output:
Change Dir: /home/vboxuser/sim-course/lab1/build/CMakeFiles/CMakeTmp

Run Build Command(s):/usr/bin/gmake -f Makefile cmTC_166af/fast && /usr/bin/gmake  -f CMakeFiles/cmTC_166af.dir/build.make CMakeFiles/cmTC_166af.dir/build
gmake[1]: Entering directory '/home/vboxuser/sim-course/lab1/build/CMakeFiles/CMakeTmp'
Building CXX object CMakeFiles/cmTC_166af.dir/uint32_t.cpp.o
/usr/bin/clang++-18    -MD -MT CMakeFiles/cmTC_166af.dir/uint32_t.cpp.o -MF CMakeFiles/cmTC_166af.dir/uint32_t.cpp.o.d -o CMakeFiles/cmTC_166af.dir/uint32_t.cpp.o -c /home/vboxuser/sim-course/lab1/build/CMakeFiles/CheckTypeSize/uint32_t.cpp
Linking CXX executable cmTC_166af
/usr/bin/cmake -E cmake_link_script CMakeFiles/cmTC_166af.dir/link.txt --verbose=1
/usr/bin/clang++-18 CMakeFiles/cmTC_166af.dir/uint32_t.cpp.o -o cmTC_166af 
gmake[1]: Leaving directory '/home/vboxuser/sim-course/lab1/build/CMakeFiles/CMakeTmp'



Determining if the strtoll exist passed with the following output:
Change Dir: /home/vboxuser/sim-course/lab1/build/CMakeFiles/CMakeTmp

Run Build Command(s):/usr/bin/gmake -f Makefile cmTC_b235b/fast && /usr/bin/gmake  -f CMakeFiles/cmTC_b235b.dir/build.make CMakeFiles/cmTC_b235b.dir/build
gmake[1]: Entering directory '/home/vboxuser/sim-course/lab1/build/CMakeFiles/CMakeTmp'
Building CXX object CMakeFiles/cmTC_b235b.dir/CheckSymbolExists.cxx.o
/usr/bin/clang++-18    -MD -MT CMakeFiles/cmTC_b235b.dir/CheckSymbolExists.cxx.o -MF CMakeFiles/cmTC_b235b.dir/CheckSymbolExists.cxx.o.d -o CMakeFiles/cmTC_b235b.dir/CheckSymbolExists.cxx.o -c /home/vboxuser/sim-course/lab1/build/CMakeFiles/CMakeTmp/CheckSymbolExists.cxx
Linking CXX executable cmTC_b235b
/usr/bin/cmake -E cmake_link_script CMakeFiles/cmTC_b235b.dir/link.txt --verbose=1
/usr/bin/clang++-18 CMakeFiles/cmTC_b235b.dir/CheckSymbolExists.cxx.o -o cmTC_b235b 
gmake[1]: Leaving directory '/home/vboxuser/sim-course/lab1/build/CMakeFiles/CMakeTmp'


File /home/vboxuser/sim-course/lab1/build/CMakeFiles/CMakeTmp/CheckSymbolExists.cxx:
/* */
#include <stdlib.h>

int main(int argc, char** argv)
{
  (void)argv;
#ifndef strtoll
  return ((int*)(&strtoll))[argc];
#else
  (void)argc;
  return 0;
#endif
}
